Sep 18, 2019 5:34:20 PM duke.task.TaskFactory getTask
INFO: Create false TODO with raw args [to-do]
Sep 18, 2019 5:34:20 PM duke.task.TaskFactory getTask
FINE: Create todo [T][X] to-do
Sep 18, 2019 5:34:20 PM duke.task.TaskFactory getTask
INFO: Create false DEADLINE with raw args [deadline, /by, 080919 2359]
Sep 18, 2019 5:34:20 PM duke.Parser parseDeadline
FINE: Parse deadline to ZonedDateTime: 080919 2359
Sep 18, 2019 5:34:20 PM duke.Parser parseDeadline
FINE: Parsed to ZonedDateTime successfully: 2019-09-08T23:59+08:00[Asia/Singapore]
Sep 18, 2019 5:34:20 PM duke.task.TaskFactory getTask
FINE: Create deadline [D][X] deadline (by: 08 September 2019, 11:59PM, GMT+8)
Sep 18, 2019 5:34:20 PM duke.task.TaskFactory getTask
INFO: Create false DEADLINE with raw args [deadline, /by, 080920 2359]
Sep 18, 2019 5:34:20 PM duke.Parser parseDeadline
FINE: Parse deadline to ZonedDateTime: 080920 2359
Sep 18, 2019 5:34:20 PM duke.Parser parseDeadline
FINE: Parsed to ZonedDateTime successfully: 2020-09-08T23:59+08:00[Asia/Singapore]
Sep 18, 2019 5:34:20 PM duke.task.TaskFactory getTask
FINE: Create deadline [D][X] deadline (by: 08 September 2020, 11:59PM, GMT+8)
Sep 18, 2019 5:34:20 PM duke.task.TaskFactory getTask
INFO: Create false EVENT with raw args [event, /at, Home]
Sep 18, 2019 5:34:20 PM duke.task.TaskFactory getTask
FINE: Create event [E][X] event (at: Home)
Sep 18, 2019 5:34:20 PM duke.task.TaskFactory getTask
INFO: Create false DEADLINE with raw args [clean beas, /by, 031219 2359]
Sep 18, 2019 5:34:20 PM duke.Parser parseDeadline
FINE: Parse deadline to ZonedDateTime: 031219 2359
Sep 18, 2019 5:34:20 PM duke.Parser parseDeadline
FINE: Parsed to ZonedDateTime successfully: 2019-12-03T23:59+08:00[Asia/Singapore]
Sep 18, 2019 5:34:20 PM duke.task.TaskFactory getTask
FINE: Create deadline [D][X] clean beas (by: 03 December 2019, 11:59PM, GMT+8)
Sep 18, 2019 5:34:20 PM duke.storage.Storage readFromDisk
INFO: Read 5 tasks from disk successfully
Sep 18, 2019 5:34:20 PM duke.Parser parseDeadline
FINE: Parse deadline to ZonedDateTime: 080919 2359
Sep 18, 2019 5:34:20 PM duke.Parser parseDeadline
FINE: Parsed to ZonedDateTime successfully: 2019-09-08T23:59+08:00[Asia/Singapore]
Sep 18, 2019 5:34:20 PM duke.Parser parseDeadline
FINE: Parse deadline to ZonedDateTime: 080920 2359
Sep 18, 2019 5:34:20 PM duke.Parser parseDeadline
FINE: Parsed to ZonedDateTime successfully: 2020-09-08T23:59+08:00[Asia/Singapore]
Sep 18, 2019 5:34:20 PM duke.Parser parseDeadline
FINE: Parse deadline to ZonedDateTime: 031219 2359
Sep 18, 2019 5:34:20 PM duke.Parser parseDeadline
FINE: Parsed to ZonedDateTime successfully: 2019-12-03T23:59+08:00[Asia/Singapore]
Sep 18, 2019 5:34:39 PM duke.Parser parseListCommand
INFO: Parse LIST command: []
Sep 18, 2019 5:34:39 PM duke.Parser parseDeadline
FINE: Parse deadline to ZonedDateTime: 080919 2359
Sep 18, 2019 5:34:39 PM duke.Parser parseDeadline
FINE: Parsed to ZonedDateTime successfully: 2019-09-08T23:59+08:00[Asia/Singapore]
Sep 18, 2019 5:34:39 PM duke.Parser parseDeadline
FINE: Parse deadline to ZonedDateTime: 080920 2359
Sep 18, 2019 5:34:39 PM duke.Parser parseDeadline
FINE: Parsed to ZonedDateTime successfully: 2020-09-08T23:59+08:00[Asia/Singapore]
Sep 18, 2019 5:34:39 PM duke.Parser parseDeadline
FINE: Parse deadline to ZonedDateTime: 031219 2359
Sep 18, 2019 5:34:39 PM duke.Parser parseDeadline
FINE: Parsed to ZonedDateTime successfully: 2019-12-03T23:59+08:00[Asia/Singapore]
